<?xml version="1.0" encoding="UTF-8"?>
<!-- Generated by org.testng.reporters.JUnitXMLReporter -->
<testsuite ignored="4" hostname="RaniShankar" failures="0" tests="4" name="Test1" time="41.485" errors="0" timestamp="2024-04-04T13:56:33 IST">
  <testcase classname="testScripts.ComputerTest" name="computers_001" time="1.324"/>
  <testcase classname="testScripts.ComputerTest" name="computers_002" time="0.984"/>
  <testcase classname="testScripts.BookTest" name="book_001" time="1.423"/>
  <testcase classname="testScripts.BookTest" name="book_002" time="1.04"/>
  <testcase classname="genericLibrary.BaseClass1" name="@BeforeTest bt" time="0.0">
    <ignored/>
  </testcase> <!-- @BeforeTest bt -->
  <testcase classname="genericLibrary.BaseClass1" name="@AfterSuite as" time="0.0">
    <ignored/>
  </testcase> <!-- @AfterSuite as -->
  <testcase classname="genericLibrary.BaseClass1" name="@AfterTest at" time="0.0">
    <ignored/>
  </testcase> <!-- @AfterTest at -->
  <testcase classname="genericLibrary.BaseClass1" name="@BeforeSuite bs" time="0.0">
    <ignored/>
  </testcase> <!-- @BeforeSuite bs -->
</testsuite> <!-- Test1 -->
