<?xml version="1.0" encoding="UTF-8"?>
<!-- Generated by org.testng.reporters.JUnitXMLReporter -->
<testsuite ignored="3" hostname="RaniShankar" failures="0" tests="1" name="Default test" time="11.051" errors="0" timestamp="2024-04-20T13:47:31 IST">
  <testcase classname="testScripts.BookTest" name="book_001" time="1.302"/>
  <testcase classname="testScripts.BookTest" name="book_004" time="0.0">
    <ignored/>
  </testcase> <!-- book_004 -->
  <testcase classname="testScripts.BookTest" name="book_003" time="0.0">
    <ignored/>
  </testcase> <!-- book_003 -->
  <testcase classname="testScripts.BookTest" name="book_002" time="0.0">
    <ignored/>
  </testcase> <!-- book_002 -->
</testsuite> <!-- Default test -->
