<?xml version="1.0" encoding="UTF-8"?>
<testng-results ignored="0" total="1" passed="1" failed="0" skipped="0">
  <reporter-output>
    <line>
      <![CDATA[Before test]]>
    </line>
    <line>
      <![CDATA[Browser launched]]>
    </line>
    <line>
      <![CDATA[Login]]>
    </line>
    <line>
      <![CDATA[test case completed]]>
    </line>
    <line>
      <![CDATA[Log out]]>
    </line>
    <line>
      <![CDATA[Browser closed]]>
    </line>
    <line>
      <![CDATA[After test]]>
    </line>
    <line>
      <![CDATA[Close database connection]]>
    </line>
  </reporter-output>
  <suite started-at="2024-04-20T13:47:20 IST" name="Default suite" finished-at="2024-04-20T13:47:31 IST" duration-ms="11051">
    <groups>
    </groups>
    <test started-at="2024-04-20T13:47:20 IST" name="Default test" finished-at="2024-04-20T13:47:31 IST" duration-ms="11051">
      <class name="testScripts.BookTest">
        <test-method is-config="true" signature="bs()[pri:0, instance:testScripts.BookTest@3a7442c7]" started-at="2024-04-20T13:47:20 IST" name="bs" finished-at="2024-04-20T13:47:20 IST" duration-ms="190" status="PASS">
          <reporter-output>
          </reporter-output>
        </test-method> <!-- bs -->
        <test-method is-config="true" signature="bt()[pri:0, instance:testScripts.BookTest@3a7442c7]" started-at="2024-04-20T13:47:20 IST" name="bt" finished-at="2024-04-20T13:47:20 IST" duration-ms="2" status="PASS">
          <reporter-output>
            <line>
              <![CDATA[Before test]]>
            </line>
          </reporter-output>
        </test-method> <!-- bt -->
        <test-method is-config="true" signature="launchBrowser()[pri:0, instance:testScripts.BookTest@3a7442c7]" started-at="2024-04-20T13:47:20 IST" name="launchBrowser" finished-at="2024-04-20T13:47:26 IST" duration-ms="5934" status="PASS">
          <reporter-output>
            <line>
              <![CDATA[Browser launched]]>
            </line>
          </reporter-output>
        </test-method> <!-- launchBrowser -->
        <test-method is-config="true" signature="login(java.lang.reflect.Method)[pri:0, instance:testScripts.BookTest@3a7442c7]" started-at="2024-04-20T13:47:26 IST" name="login" finished-at="2024-04-20T13:47:28 IST" duration-ms="2031" status="PASS">
          <params>
            <param index="0">
              <value>
                <![CDATA[public void testScripts.BookTest.book_001()]]>
              </value>
            </param>
          </params>
          <reporter-output>
            <line>
              <![CDATA[Login]]>
            </line>
          </reporter-output>
        </test-method> <!-- login -->
        <test-method signature="book_001()[pri:0, instance:testScripts.BookTest@3a7442c7]" started-at="2024-04-20T13:47:28 IST" name="book_001" finished-at="2024-04-20T13:47:30 IST" duration-ms="1302" status="PASS">
          <reporter-output>
            <line>
              <![CDATA[test case completed]]>
            </line>
          </reporter-output>
        </test-method> <!-- book_001 -->
        <test-method is-config="true" signature="logout()[pri:0, instance:testScripts.BookTest@3a7442c7]" started-at="2024-04-20T13:47:30 IST" name="logout" finished-at="2024-04-20T13:47:31 IST" duration-ms="1459" status="PASS">
          <reporter-output>
            <line>
              <![CDATA[Log out]]>
            </line>
          </reporter-output>
        </test-method> <!-- logout -->
        <test-method is-config="true" signature="closeBrowser()[pri:0, instance:testScripts.BookTest@3a7442c7]" started-at="2024-04-20T13:47:31 IST" name="closeBrowser" finished-at="2024-04-20T13:47:31 IST" duration-ms="285" status="PASS">
          <reporter-output>
            <line>
              <![CDATA[Browser closed]]>
            </line>
          </reporter-output>
        </test-method> <!-- closeBrowser -->
        <test-method is-config="true" signature="at()[pri:0, instance:testScripts.BookTest@3a7442c7]" started-at="2024-04-20T13:47:31 IST" name="at" finished-at="2024-04-20T13:47:31 IST" duration-ms="0" status="PASS">
          <reporter-output>
            <line>
              <![CDATA[After test]]>
            </line>
          </reporter-output>
        </test-method> <!-- at -->
        <test-method is-config="true" signature="as()[pri:0, instance:testScripts.BookTest@3a7442c7]" started-at="2024-04-20T13:47:31 IST" name="as" finished-at="2024-04-20T13:47:32 IST" duration-ms="523" status="PASS">
          <reporter-output>
            <line>
              <![CDATA[Close database connection]]>
            </line>
          </reporter-output>
        </test-method> <!-- as -->
      </class> <!-- testScripts.BookTest -->
    </test> <!-- Default test -->
  </suite> <!-- Default suite -->
</testng-results>
